<?xml version="1.0" encoding="UTF-8"?>
<!-- Generated by org.testng.reporters.JUnitReportReporter -->
<testsuite skipped="0" hostname="DESKTOP-VQFTNGD" name="com.runner.ZooplaAutomationRunner" tests="1" failures="0" timestamp="2020-08-12T22:07:54 EDT" time="37.777" errors="0">
  <testcase name="runScenario" time="37.777" classname="com.runner.ZooplaAutomationRunner"/>
  <system-out/>
</testsuite> <!-- com.runner.ZooplaAutomationRunner -->
