<?xml version="1.0" encoding="UTF-8"?>
<!-- Generated by org.testng.reporters.JUnitReportReporter -->
<testsuite skipped="1" hostname="LAPTOP-8G3EKDSE" name="com.runner.automationRunner" tests="1" failures="0" timestamp="2020-08-06T20:09:46 EDT" time="0.000" errors="0">
  <testcase name="runScenario" time="0.000" classname="com.runner.automationRunner">
    <skipped/>
  </testcase> <!-- runScenario -->
  <system-out/>
</testsuite> <!-- com.runner.automationRunner -->
